2019-11-08 00:26:34,847 INFO o.a.j.u.JMeterUtils: Setting Locale to en_EN
2019-11-08 00:26:34,936 INFO o.a.j.JMeter: Loading user properties from: D:\programs\apache-jmeter-5.2\bin\user.properties
2019-11-08 00:26:34,938 INFO o.a.j.JMeter: Loading system properties from: D:\programs\apache-jmeter-5.2\bin\system.properties
2019-11-08 00:26:34,941 INFO o.a.j.JMeter: Copyright (c) 1998-2019 The Apache Software Foundation
2019-11-08 00:26:34,942 INFO o.a.j.JMeter: Version 5.2
2019-11-08 00:26:34,942 INFO o.a.j.JMeter: java.version=11.0.2
2019-11-08 00:26:34,942 INFO o.a.j.JMeter: java.vm.name=OpenJDK 64-Bit Server VM
2019-11-08 00:26:34,942 INFO o.a.j.JMeter: os.name=Windows 10
2019-11-08 00:26:34,942 INFO o.a.j.JMeter: os.arch=amd64
2019-11-08 00:26:34,943 INFO o.a.j.JMeter: os.version=10.0
2019-11-08 00:26:34,943 INFO o.a.j.JMeter: file.encoding=Cp1252
2019-11-08 00:26:34,943 INFO o.a.j.JMeter: java.awt.headless=null
2019-11-08 00:26:34,943 INFO o.a.j.JMeter: Max memory     =1073741824
2019-11-08 00:26:34,944 INFO o.a.j.JMeter: Available Processors =4
2019-11-08 00:26:34,960 INFO o.a.j.JMeter: Default Locale=English (EN)
2019-11-08 00:26:34,960 INFO o.a.j.JMeter: JMeter  Locale=English (EN)
2019-11-08 00:26:34,960 INFO o.a.j.JMeter: JMeterHome=D:\programs\apache-jmeter-5.2
2019-11-08 00:26:34,961 INFO o.a.j.JMeter: user.dir  =D:\projects\jconf2019
2019-11-08 00:26:34,961 INFO o.a.j.JMeter: PWD       =D:\projects\jconf2019
2019-11-08 00:26:34,963 INFO o.a.j.JMeter: IP: 192.168.0.108 Name: cavitos-dell FullName: 192.168.0.108
2019-11-08 00:26:35,657 INFO o.a.j.g.a.LookAndFeelCommand: Installing Darcula LAF
2019-11-08 00:26:35,673 INFO o.a.j.g.a.LookAndFeelCommand: Using look and feel: com.sun.java.swing.plaf.windows.WindowsLookAndFeel [Darcula]
2019-11-08 00:26:35,673 INFO o.a.j.JMeter: Setting LAF to: com.sun.java.swing.plaf.windows.WindowsLookAndFeel
2019-11-08 00:26:35,766 INFO o.a.j.JMeter: Loaded icon properties from org/apache/jmeter/images/icon.properties
2019-11-08 00:26:39,721 INFO o.a.j.p.h.s.HTTPSamplerBase: Parser for text/html is org.apache.jmeter.protocol.http.parser.LagartoBasedHtmlParser
2019-11-08 00:26:39,723 INFO o.a.j.p.h.s.HTTPSamplerBase: Parser for application/xhtml+xml is org.apache.jmeter.protocol.http.parser.LagartoBasedHtmlParser
2019-11-08 00:26:39,723 INFO o.a.j.p.h.s.HTTPSamplerBase: Parser for application/xml is org.apache.jmeter.protocol.http.parser.LagartoBasedHtmlParser
2019-11-08 00:26:39,723 INFO o.a.j.p.h.s.HTTPSamplerBase: Parser for text/xml is org.apache.jmeter.protocol.http.parser.LagartoBasedHtmlParser
2019-11-08 00:26:39,724 INFO o.a.j.p.h.s.HTTPSamplerBase: Parser for text/vnd.wap.wml is org.apache.jmeter.protocol.http.parser.RegexpHTMLParser
2019-11-08 00:26:39,724 INFO o.a.j.p.h.s.HTTPSamplerBase: Parser for text/css is org.apache.jmeter.protocol.http.parser.CssParser
2019-11-08 00:26:40,593 INFO o.a.j.e.KeyToolUtils: keytool found at 'keytool'
2019-11-08 00:26:40,594 INFO o.a.j.p.h.p.ProxyControl: HTTP(S) Test Script Recorder SSL Proxy will use keys that support embedded 3rd party resources in file D:\programs\apache-jmeter-5.2\bin\proxyserver.jks
2019-11-08 00:26:40,904 INFO o.a.j.s.FileServer: Default base='D:\projects\jconf2019'
2019-11-08 00:26:42,860 INFO o.a.j.s.SampleResult: Note: Sample TimeStamps are START times
2019-11-08 00:26:42,861 INFO o.a.j.s.SampleResult: sampleresult.default.encoding is set to ISO-8859-1
2019-11-08 00:26:42,862 INFO o.a.j.s.SampleResult: sampleresult.useNanoTime=true
2019-11-08 00:26:42,862 INFO o.a.j.s.SampleResult: sampleresult.nanoThreadSleep=5000
2019-11-08 00:26:42,939 INFO o.a.j.v.ViewResultsFullVisualizer: Add JavaFX to your Java installation if you want to use renderer: org.apache.jmeter.visualizers.RenderInBrowser
2019-11-08 00:26:54,088 INFO o.a.j.g.a.Load: Loading file: D:\projects\jconf2019\jmeter\WCapturePostRequests.jmx
2019-11-08 00:26:54,089 INFO o.a.j.s.FileServer: Set new base='D:\projects\jconf2019\jmeter'
2019-11-08 00:26:54,315 INFO o.a.j.s.SaveService: Testplan (JMX) version: 2.2. Testlog (JTL) version: 2.2
2019-11-08 00:26:54,329 INFO o.a.j.s.SaveService: Using SaveService properties version 5.0
2019-11-08 00:26:54,332 INFO o.a.j.s.SaveService: Using SaveService properties file encoding UTF-8
2019-11-08 00:26:54,335 INFO o.a.j.s.SaveService: Loading file: D:\projects\jconf2019\jmeter\WCapturePostRequests.jmx
2019-11-08 00:26:54,460 INFO o.a.j.v.ViewResultsFullVisualizer: Add JavaFX to your Java installation if you want to use renderer: org.apache.jmeter.visualizers.RenderInBrowser
2019-11-08 00:26:54,545 INFO o.a.j.v.ViewResultsFullVisualizer: Add JavaFX to your Java installation if you want to use renderer: org.apache.jmeter.visualizers.RenderInBrowser
2019-11-08 00:26:54,612 INFO o.a.j.s.FileServer: Set new base='D:\projects\jconf2019\jmeter'
2019-11-08 01:09:32,774 INFO o.a.j.g.a.Load: Loading file: D:\projects\jconf2019\jmeter\WCaptureGetRequests.jmx
2019-11-08 01:09:32,775 INFO o.a.j.s.FileServer: Set new base='D:\projects\jconf2019\jmeter'
2019-11-08 01:09:32,775 INFO o.a.j.s.SaveService: Loading file: D:\projects\jconf2019\jmeter\WCaptureGetRequests.jmx
2019-11-08 01:09:32,816 INFO o.a.j.v.ViewResultsFullVisualizer: Add JavaFX to your Java installation if you want to use renderer: org.apache.jmeter.visualizers.RenderInBrowser
2019-11-08 01:09:32,873 INFO o.a.j.v.ViewResultsFullVisualizer: Add JavaFX to your Java installation if you want to use renderer: org.apache.jmeter.visualizers.RenderInBrowser
2019-11-08 01:09:32,910 INFO o.a.j.s.FileServer: Set new base='D:\projects\jconf2019\jmeter'
