2019-11-06 22:59:15,502 INFO o.a.j.u.JMeterUtils: Setting Locale to en_EN
2019-11-06 22:59:15,555 INFO o.a.j.JMeter: Loading user properties from: D:\programs\apache-jmeter-5.2\bin\user.properties
2019-11-06 22:59:15,557 INFO o.a.j.JMeter: Loading system properties from: D:\programs\apache-jmeter-5.2\bin\system.properties
2019-11-06 22:59:15,559 INFO o.a.j.JMeter: Copyright (c) 1998-2019 The Apache Software Foundation
2019-11-06 22:59:15,559 INFO o.a.j.JMeter: Version 5.2
2019-11-06 22:59:15,559 INFO o.a.j.JMeter: java.version=11.0.2
2019-11-06 22:59:15,559 INFO o.a.j.JMeter: java.vm.name=OpenJDK 64-Bit Server VM
2019-11-06 22:59:15,559 INFO o.a.j.JMeter: os.name=Windows 10
2019-11-06 22:59:15,560 INFO o.a.j.JMeter: os.arch=amd64
2019-11-06 22:59:15,560 INFO o.a.j.JMeter: os.version=10.0
2019-11-06 22:59:15,560 INFO o.a.j.JMeter: file.encoding=Cp1252
2019-11-06 22:59:15,560 INFO o.a.j.JMeter: java.awt.headless=true
2019-11-06 22:59:15,560 INFO o.a.j.JMeter: Max memory     =1073741824
2019-11-06 22:59:15,560 INFO o.a.j.JMeter: Available Processors =4
2019-11-06 22:59:15,571 INFO o.a.j.JMeter: Default Locale=English (EN)
2019-11-06 22:59:15,572 INFO o.a.j.JMeter: JMeter  Locale=English (EN)
2019-11-06 22:59:15,572 INFO o.a.j.JMeter: JMeterHome=D:\programs\apache-jmeter-5.2
2019-11-06 22:59:15,572 INFO o.a.j.JMeter: user.dir  =D:\projects\jconf2019\jmeter
2019-11-06 22:59:15,572 INFO o.a.j.JMeter: PWD       =D:\projects\jconf2019\jmeter
2019-11-06 22:59:15,574 INFO o.a.j.JMeter: IP: 192.168.0.108 Name: cavitos-dell FullName: 192.168.0.108
2019-11-06 22:59:15,578 INFO o.a.j.JMeter: Setting property 'jmeter.reportgenerator.outputdir' to:'D:\projects\jconf2019\jmeter\.\results'
2019-11-06 22:59:15,583 INFO o.a.j.s.FileServer: Default base='D:\projects\jconf2019\jmeter'
2019-11-06 22:59:15,585 INFO o.a.j.s.FileServer: Set new base='D:\projects\jconf2019\jmeter\.'
2019-11-06 22:59:15,808 INFO o.a.j.s.SaveService: Testplan (JMX) version: 2.2. Testlog (JTL) version: 2.2
2019-11-06 22:59:15,835 INFO o.a.j.s.SaveService: Using SaveService properties version 5.0
2019-11-06 22:59:15,841 INFO o.a.j.s.SaveService: Using SaveService properties file encoding UTF-8
2019-11-06 22:59:15,848 INFO o.a.j.s.SaveService: Loading file: .\WCapturePostRequests.jmx
2019-11-06 22:59:15,952 INFO o.a.j.p.h.s.HTTPSamplerBase: Parser for text/html is org.apache.jmeter.protocol.http.parser.LagartoBasedHtmlParser
2019-11-06 22:59:15,953 INFO o.a.j.p.h.s.HTTPSamplerBase: Parser for application/xhtml+xml is org.apache.jmeter.protocol.http.parser.LagartoBasedHtmlParser
2019-11-06 22:59:15,953 INFO o.a.j.p.h.s.HTTPSamplerBase: Parser for application/xml is org.apache.jmeter.protocol.http.parser.LagartoBasedHtmlParser
2019-11-06 22:59:15,953 INFO o.a.j.p.h.s.HTTPSamplerBase: Parser for text/xml is org.apache.jmeter.protocol.http.parser.LagartoBasedHtmlParser
2019-11-06 22:59:15,953 INFO o.a.j.p.h.s.HTTPSamplerBase: Parser for text/vnd.wap.wml is org.apache.jmeter.protocol.http.parser.RegexpHTMLParser
2019-11-06 22:59:15,953 INFO o.a.j.p.h.s.HTTPSamplerBase: Parser for text/css is org.apache.jmeter.protocol.http.parser.CssParser
2019-11-06 22:59:15,978 INFO o.a.j.JMeter: Creating summariser <summary>
2019-11-06 22:59:15,993 INFO o.a.j.e.StandardJMeterEngine: Running the test!
2019-11-06 22:59:15,996 INFO o.a.j.s.SampleEvent: List of sample_variables: []
2019-11-06 22:59:15,996 INFO o.a.j.s.SampleEvent: List of sample_variables: []
2019-11-06 22:59:16,006 INFO o.a.j.e.u.CompoundVariable: Note: Function class names must contain the string: '.functions.'
2019-11-06 22:59:16,006 INFO o.a.j.e.u.CompoundVariable: Note: Function class names must not contain the string: '.gui.'
2019-11-06 22:59:16,663 INFO o.a.j.JMeter: Running test (1573102756663)
2019-11-06 22:59:16,708 INFO o.a.j.e.StandardJMeterEngine: Starting ThreadGroup: 1 : Thread Group - Post
2019-11-06 22:59:16,708 INFO o.a.j.e.StandardJMeterEngine: Starting 5 threads for group Thread Group - Post.
2019-11-06 22:59:16,709 INFO o.a.j.e.StandardJMeterEngine: Thread will continue on error
2019-11-06 22:59:16,709 INFO o.a.j.t.ThreadGroup: Starting thread group... number=1 threads=5 ramp-up=5 delayedStart=false
2019-11-06 22:59:16,728 INFO o.a.j.t.ThreadGroup: Started thread group number 1
2019-11-06 22:59:16,728 INFO o.a.j.e.StandardJMeterEngine: All thread groups have been started
2019-11-06 22:59:16,740 INFO o.a.j.t.JMeterThread: Thread started: Thread Group - Post 1-1
2019-11-06 22:59:16,775 INFO o.a.j.p.h.s.HTTPHCAbstractImpl: Local host = cavitos-dell
2019-11-06 22:59:16,791 INFO o.a.j.p.h.s.HTTPHC4Impl: HTTP request retry count = 0
2019-11-06 22:59:16,794 INFO o.a.j.s.SampleResult: Note: Sample TimeStamps are START times
2019-11-06 22:59:16,794 INFO o.a.j.s.SampleResult: sampleresult.default.encoding is set to ISO-8859-1
2019-11-06 22:59:16,794 INFO o.a.j.s.SampleResult: sampleresult.useNanoTime=true
2019-11-06 22:59:16,794 INFO o.a.j.s.SampleResult: sampleresult.nanoThreadSleep=5000
2019-11-06 22:59:16,945 INFO o.a.j.p.h.s.h.LazyLayeredConnectionSocketFactory: Setting up HTTPS TrustAll Socket Factory
2019-11-06 22:59:16,953 INFO o.a.j.u.JsseSSLManager: Using default SSL protocol: TLS
2019-11-06 22:59:16,953 INFO o.a.j.u.JsseSSLManager: SSL session context: per-thread
2019-11-06 22:59:17,153 INFO o.a.j.u.SSLManager: JmeterKeyStore Location:  type JKS
2019-11-06 22:59:17,158 INFO o.a.j.u.SSLManager: KeyStore created OK
2019-11-06 22:59:17,158 WARN o.a.j.u.SSLManager: Keystore file not found, loading empty keystore
2019-11-06 22:59:17,729 INFO o.a.j.t.JMeterThread: Thread started: Thread Group - Post 1-2
2019-11-06 22:59:18,725 INFO o.a.j.t.JMeterThread: Thread started: Thread Group - Post 1-3
2019-11-06 22:59:19,723 INFO o.a.j.t.JMeterThread: Thread started: Thread Group - Post 1-4
2019-11-06 22:59:20,723 INFO o.a.j.t.JMeterThread: Thread started: Thread Group - Post 1-5
2019-11-06 23:00:51,912 INFO o.a.j.t.JMeterThread: Thread is done: Thread Group - Post 1-1
2019-11-06 23:00:51,912 INFO o.a.j.t.JMeterThread: Thread finished: Thread Group - Post 1-1
2019-11-06 23:00:51,919 INFO o.a.j.t.JMeterThread: Thread is done: Thread Group - Post 1-4
2019-11-06 23:00:51,919 INFO o.a.j.t.JMeterThread: Thread is done: Thread Group - Post 1-5
2019-11-06 23:00:51,919 INFO o.a.j.t.JMeterThread: Thread finished: Thread Group - Post 1-5
2019-11-06 23:00:51,919 INFO o.a.j.t.JMeterThread: Thread finished: Thread Group - Post 1-4
2019-11-06 23:00:52,256 INFO o.a.j.t.JMeterThread: Thread is done: Thread Group - Post 1-3
2019-11-06 23:00:52,257 INFO o.a.j.t.JMeterThread: Thread finished: Thread Group - Post 1-3
2019-11-06 23:00:52,258 INFO o.a.j.t.JMeterThread: Thread is done: Thread Group - Post 1-2
2019-11-06 23:00:52,258 INFO o.a.j.t.JMeterThread: Thread finished: Thread Group - Post 1-2
2019-11-06 23:00:52,259 INFO o.a.j.e.StandardJMeterEngine: Notifying test listeners of end of test
2019-11-06 23:00:52,262 INFO o.a.j.r.Summariser: summary =      5 in 00:01:36 =    0.1/s Avg: 93279 Min: 91180 Max: 94996 Err:     5 (100.00%)
